2021-12-15 20:08:25,766 INFO com.little.carrots.order.LittleCarrotsOrderManagementApplicationTests [main] Starting LittleCarrotsOrderManagementApplicationTests on SHEIKH-786 with PID 16444 (started by masta in E:\LITTLECARROTS_CODE\MainStream\GIT\lil_invetory_services\LittleCarrotsOrderManagement)
2021-12-15 20:08:25,769 DEBUG com.little.carrots.order.LittleCarrotsOrderManagementApplicationTests [main] Running with Spring Boot v2.3.0.RELEASE, Spring v5.2.6.RELEASE
2021-12-15 20:08:25,769 INFO com.little.carrots.order.LittleCarrotsOrderManagementApplicationTests [main] The following profiles are active: prod
2021-12-15 20:08:25,796 DEBUG org.springframework.web.context.support.GenericWebApplicationContext [main] Refreshing org.springframework.web.context.support.GenericWebApplicationContext@4f9a2c08
2021-12-15 20:08:32,566 DEBUG org.springframework.web.servlet.mvc.method.annotation.RequestMappingHandlerAdapter [main] ControllerAdvice beans: 0 @ModelAttribute, 0 @InitBinder, 1 RequestBodyAdvice, 1 ResponseBodyAdvice
2021-12-15 20:08:32,680 DEBUG org.springframework.web.servlet.mvc.method.annotation.RequestMappingHandlerMapping [main] 71 mappings in 'requestMappingHandlerMapping'
2021-12-15 20:08:32,759 DEBUG org.springframework.web.servlet.handler.SimpleUrlHandlerMapping [main] Patterns [/webjars/**, /**] in 'resourceHandlerMapping'
2021-12-15 20:08:32,777 DEBUG org.springframework.web.servlet.mvc.method.annotation.ExceptionHandlerExceptionResolver [main] ControllerAdvice beans: 2 @ExceptionHandler, 1 ResponseBodyAdvice
2021-12-15 20:08:34,053 INFO com.little.carrots.order.LittleCarrotsOrderManagementApplicationTests [main] Started LittleCarrotsOrderManagementApplicationTests in 8.571 seconds (JVM running for 9.501)
2021-12-15 20:08:34,206 DEBUG org.springframework.web.context.support.GenericWebApplicationContext [SpringContextShutdownHook] Closing org.springframework.web.context.support.GenericWebApplicationContext@4f9a2c08, started on Wed Dec 15 20:08:25 IST 2021
2021-12-15 20:08:54,584 INFO com.little.carrots.order.LittleCarrotsOrderManagementApplication [main] Starting LittleCarrotsOrderManagementApplication vMVP-V2.0.0 on SHEIKH-786 with PID 3624 (E:\LITTLECARROTS_CODE\MainStream\GIT\lil_invetory_services\LittleCarrotsOrderManagement\target\LittleCarrotsOrderManagement-MVP-V2.0.0.jar started by masta in E:\LITTLECARROTS_CODE\MainStream\GIT\lil_invetory_services\LittleCarrotsOrderManagement)
2021-12-15 20:08:54,588 DEBUG com.little.carrots.order.LittleCarrotsOrderManagementApplication [main] Running with Spring Boot v2.3.0.RELEASE, Spring v5.2.6.RELEASE
2021-12-15 20:08:54,588 INFO com.little.carrots.order.LittleCarrotsOrderManagementApplication [main] The following profiles are active: prod
2021-12-15 20:09:01,002 DEBUG org.springframework.web.context.ContextLoader [main] Published root WebApplicationContext as ServletContext attribute with name [org.springframework.web.context.WebApplicationContext.ROOT]
2021-12-15 20:09:01,002 INFO org.springframework.web.context.ContextLoader [main] Root WebApplicationContext: initialization completed in 6331 ms
2021-12-15 20:09:11,218 DEBUG org.springframework.web.servlet.mvc.method.annotation.RequestMappingHandlerAdapter [main] ControllerAdvice beans: 0 @ModelAttribute, 0 @InitBinder, 1 RequestBodyAdvice, 1 ResponseBodyAdvice
2021-12-15 20:09:11,377 DEBUG org.springframework.web.servlet.mvc.method.annotation.RequestMappingHandlerMapping [main] 71 mappings in 'requestMappingHandlerMapping'
2021-12-15 20:09:11,465 DEBUG org.springframework.web.servlet.handler.SimpleUrlHandlerMapping [main] Patterns [/webjars/**, /**] in 'resourceHandlerMapping'
2021-12-15 20:09:11,491 DEBUG org.springframework.web.servlet.mvc.method.annotation.ExceptionHandlerExceptionResolver [main] ControllerAdvice beans: 2 @ExceptionHandler, 1 ResponseBodyAdvice
2021-12-15 20:09:13,254 INFO com.little.carrots.order.LittleCarrotsOrderManagementApplication [main] Started LittleCarrotsOrderManagementApplication in 19.619 seconds (JVM running for 20.866)
2022-02-16 11:22:24,641 INFO com.little.carrots.order.LittleCarrotsOrderManagementApplicationTests [main] Starting LittleCarrotsOrderManagementApplicationTests on SHEIKH-786 with PID 12880 (started by masta in D:\LITTLECARROTS\LITTLECARROTS_CODE\04JAN2022_V2_FEATURE\lil_invetory_services\LittleCarrotsOrderManagement)
2022-02-16 11:22:24,641 DEBUG com.little.carrots.order.LittleCarrotsOrderManagementApplicationTests [main] Running with Spring Boot v2.3.0.RELEASE, Spring v5.2.6.RELEASE
2022-02-16 11:22:24,641 INFO com.little.carrots.order.LittleCarrotsOrderManagementApplicationTests [main] The following profiles are active: prod
2022-02-16 11:22:24,710 DEBUG org.springframework.web.context.support.GenericWebApplicationContext [main] Refreshing org.springframework.web.context.support.GenericWebApplicationContext@4f9a2c08
2022-02-16 11:22:36,636 DEBUG org.springframework.web.servlet.mvc.method.annotation.RequestMappingHandlerAdapter [main] ControllerAdvice beans: 0 @ModelAttribute, 0 @InitBinder, 1 RequestBodyAdvice, 1 ResponseBodyAdvice
2022-02-16 11:22:36,812 DEBUG org.springframework.web.servlet.mvc.method.annotation.RequestMappingHandlerMapping [main] 71 mappings in 'requestMappingHandlerMapping'
2022-02-16 11:22:36,906 DEBUG org.springframework.web.servlet.handler.SimpleUrlHandlerMapping [main] Patterns [/webjars/**, /**] in 'resourceHandlerMapping'
2022-02-16 11:22:36,939 DEBUG org.springframework.web.servlet.mvc.method.annotation.ExceptionHandlerExceptionResolver [main] ControllerAdvice beans: 2 @ExceptionHandler, 1 ResponseBodyAdvice
2022-02-16 11:22:38,690 INFO com.little.carrots.order.LittleCarrotsOrderManagementApplicationTests [main] Started LittleCarrotsOrderManagementApplicationTests in 14.497 seconds (JVM running for 16.762)
2022-02-16 11:22:38,959 DEBUG org.springframework.web.context.support.GenericWebApplicationContext [SpringContextShutdownHook] Closing org.springframework.web.context.support.GenericWebApplicationContext@4f9a2c08, started on Wed Feb 16 11:22:24 IST 2022
2022-02-16 11:33:48,439 INFO com.little.carrots.order.LittleCarrotsOrderManagementApplicationTests [main] Starting LittleCarrotsOrderManagementApplicationTests on SHEIKH-786 with PID 8468 (started by masta in D:\LITTLECARROTS\LITTLECARROTS_CODE\04JAN2022_V2_FEATURE\lil_invetory_services\LittleCarrotsOrderManagement)
2022-02-16 11:33:48,441 DEBUG com.little.carrots.order.LittleCarrotsOrderManagementApplicationTests [main] Running with Spring Boot v2.3.0.RELEASE, Spring v5.2.6.RELEASE
2022-02-16 11:33:48,442 INFO com.little.carrots.order.LittleCarrotsOrderManagementApplicationTests [main] The following profiles are active: prod
2022-02-16 11:33:48,482 DEBUG org.springframework.web.context.support.GenericWebApplicationContext [main] Refreshing org.springframework.web.context.support.GenericWebApplicationContext@a87f8ec
2022-02-16 11:33:57,714 DEBUG org.springframework.web.servlet.mvc.method.annotation.RequestMappingHandlerAdapter [main] ControllerAdvice beans: 0 @ModelAttribute, 0 @InitBinder, 1 RequestBodyAdvice, 1 ResponseBodyAdvice
2022-02-16 11:33:57,817 DEBUG org.springframework.web.servlet.mvc.method.annotation.RequestMappingHandlerMapping [main] 71 mappings in 'requestMappingHandlerMapping'
2022-02-16 11:33:57,886 DEBUG org.springframework.web.servlet.handler.SimpleUrlHandlerMapping [main] Patterns [/webjars/**, /**] in 'resourceHandlerMapping'
2022-02-16 11:33:57,903 DEBUG org.springframework.web.servlet.mvc.method.annotation.ExceptionHandlerExceptionResolver [main] ControllerAdvice beans: 2 @ExceptionHandler, 1 ResponseBodyAdvice
2022-02-16 11:33:58,794 INFO com.little.carrots.order.LittleCarrotsOrderManagementApplicationTests [main] Started LittleCarrotsOrderManagementApplicationTests in 10.894 seconds (JVM running for 13.502)
2022-02-16 11:33:58,914 DEBUG org.springframework.web.context.support.GenericWebApplicationContext [SpringContextShutdownHook] Closing org.springframework.web.context.support.GenericWebApplicationContext@a87f8ec, started on Wed Feb 16 11:33:48 IST 2022
2022-02-16 11:35:29,505 INFO com.little.carrots.order.LittleCarrotsOrderManagementApplication [main] Starting LittleCarrotsOrderManagementApplication vMVP-V2.0.0 on SHEIKH-786 with PID 15604 (D:\LITTLECARROTS\LITTLECARROTS_CODE\04JAN2022_V2_FEATURE\lil_invetory_services\LittleCarrotsOrderManagement\target\LittleCarrotsOrderManagement-MVP-V2.0.0.jar started by masta in D:\LITTLECARROTS\LITTLECARROTS_CODE\04JAN2022_V2_FEATURE\lil_invetory_services\LittleCarrotsOrderManagement)
2022-02-16 11:35:29,506 DEBUG com.little.carrots.order.LittleCarrotsOrderManagementApplication [main] Running with Spring Boot v2.3.0.RELEASE, Spring v5.2.6.RELEASE
2022-02-16 11:35:29,507 INFO com.little.carrots.order.LittleCarrotsOrderManagementApplication [main] The following profiles are active: prod
2022-02-16 11:35:32,561 ERROR org.apache.coyote.http11.Http11NioProtocol [main] The upgrade handler [org.apache.coyote.http2.Http2Protocol] for [h2] only supports upgrade via ALPN but has been configured for the ["https-jsse-nio-8283"] connector that does not support ALPN.
2022-02-16 11:35:32,636 DEBUG org.springframework.web.context.ContextLoader [main] Published root WebApplicationContext as ServletContext attribute with name [org.springframework.web.context.WebApplicationContext.ROOT]
2022-02-16 11:35:32,636 INFO org.springframework.web.context.ContextLoader [main] Root WebApplicationContext: initialization completed in 3074 ms
2022-02-16 11:35:37,251 DEBUG org.springframework.web.servlet.mvc.method.annotation.RequestMappingHandlerAdapter [main] ControllerAdvice beans: 0 @ModelAttribute, 0 @InitBinder, 1 RequestBodyAdvice, 1 ResponseBodyAdvice
2022-02-16 11:35:37,356 DEBUG org.springframework.web.servlet.mvc.method.annotation.RequestMappingHandlerMapping [main] 71 mappings in 'requestMappingHandlerMapping'
2022-02-16 11:35:37,441 DEBUG org.springframework.web.servlet.handler.SimpleUrlHandlerMapping [main] Patterns [/webjars/**, /**] in 'resourceHandlerMapping'
2022-02-16 11:35:37,461 DEBUG org.springframework.web.servlet.mvc.method.annotation.ExceptionHandlerExceptionResolver [main] ControllerAdvice beans: 2 @ExceptionHandler, 1 ResponseBodyAdvice
2022-02-16 11:35:39,240 INFO com.little.carrots.order.LittleCarrotsOrderManagementApplication [main] Started LittleCarrotsOrderManagementApplication in 10.201 seconds (JVM running for 10.757)
